128		24.8 GFLOPS
256		112.5 GFLOPS
384		226.4 GFLOPS
512		533.2 GFLOPS
640		900.2 GFLOPS
768		1188.9 GFLOPS
896		1705.4 GFLOPS
1024		565.0 GFLOPS
1152		2237.1 GFLOPS
1280		2334.8 GFLOPS
1408		3235.9 GFLOPS
1536		1722.9 GFLOPS
1664		2819.0 GFLOPS
1792		2612.6 GFLOPS
1920		3204.8 GFLOPS
2048		1734.8 GFLOPS
2176		3280.4 GFLOPS
2304		2843.9 GFLOPS
2432		3534.7 GFLOPS
2560		2622.2 GFLOPS
2688		3642.7 GFLOPS
2816		3215.4 GFLOPS
2944		3526.6 GFLOPS
3072		2374.9 GFLOPS
3200		3708.9 GFLOPS
3328		3408.3 GFLOPS
3456		3692.9 GFLOPS
3584		3017.1 GFLOPS
3712		3687.8 GFLOPS
3840		3494.8 GFLOPS
3968		3719.3 GFLOPS
4096		2576.3 GFLOPS
4224		3730.1 GFLOPS
4352		3574.8 GFLOPS
4480		3758.7 GFLOPS
4608		3171.1 GFLOPS
4736		3733.7 GFLOPS
4864		3615.6 GFLOPS
4992		3732.0 GFLOPS
5120		2685.6 GFLOPS
5248		3748.9 GFLOPS
5376		3639.9 GFLOPS
5504		3743.3 GFLOPS
5632		3279.3 GFLOPS
5760		3738.4 GFLOPS
5888		3657.5 GFLOPS
6016		3736.7 GFLOPS
6144		2752.9 GFLOPS
6272		3735.1 GFLOPS
6400		3646.6 GFLOPS
6528		3728.3 GFLOPS
6656		3306.0 GFLOPS
6784		3720.9 GFLOPS
6912		3658.7 GFLOPS
7040		3718.5 GFLOPS
7168		2761.0 GFLOPS
7296		3711.0 GFLOPS
7424		3637.1 GFLOPS
7552		3706.8 GFLOPS
7680		3315.7 GFLOPS
7808		3700.1 GFLOPS
7936		3650.6 GFLOPS
8064		3707.4 GFLOPS
8192		2554.5 GFLOPS
