128		31.7 GFLOPS
256		54.7 GFLOPS
384		137.6 GFLOPS
512		99.7 GFLOPS
640		276.7 GFLOPS
768		276.5 GFLOPS
896		366.1 GFLOPS
1024		253.0 GFLOPS
1152		348.1 GFLOPS
1280		317.5 GFLOPS
1408		320.7 GFLOPS
1536		295.2 GFLOPS
1664		311.8 GFLOPS
1792		302.3 GFLOPS
1920		306.8 GFLOPS
2048		274.9 GFLOPS
2176		300.0 GFLOPS
2304		293.8 GFLOPS
2432		298.2 GFLOPS
2560		285.0 GFLOPS
2688		298.1 GFLOPS
2816		293.3 GFLOPS
2944		294.3 GFLOPS
3072		270.1 GFLOPS
3200		291.0 GFLOPS
3328		286.1 GFLOPS
3456		290.0 GFLOPS
3584		277.2 GFLOPS
3712		287.9 GFLOPS
3840		282.6 GFLOPS
3968		286.1 GFLOPS
4096		264.6 GFLOPS
4224		285.4 GFLOPS
4352		279.9 GFLOPS
4480		283.9 GFLOPS
4608		272.1 GFLOPS
4736		282.5 GFLOPS
4864		272.1 GFLOPS
4992		270.4 GFLOPS
5120		250.0 GFLOPS
5248		265.7 GFLOPS
5376		263.4 GFLOPS
5504		263.8 GFLOPS
5632		245.8 GFLOPS
5760		252.8 GFLOPS
5888		249.1 GFLOPS
6016		259.2 GFLOPS
6144		231.0 GFLOPS
6272		242.7 GFLOPS
6400		237.5 GFLOPS
6528		241.6 GFLOPS
6656		235.8 GFLOPS
6784		240.8 GFLOPS
6912		238.9 GFLOPS
7040		240.1 GFLOPS
7168		226.2 GFLOPS
7296		237.1 GFLOPS
7424		235.2 GFLOPS
7552		236.5 GFLOPS
7680		231.6 GFLOPS
7808		235.8 GFLOPS
7936		233.7 GFLOPS
8064		230.1 GFLOPS
8192		235.4 GFLOPS
