128		29.1 GFLOPS
256		128.5 GFLOPS
384		269.2 GFLOPS
512		492.5 GFLOPS
640		834.9 GFLOPS
768		1076.5 GFLOPS
896		1492.4 GFLOPS
1024		617.6 GFLOPS
1152		2196.9 GFLOPS
1280		2090.0 GFLOPS
1408		2865.2 GFLOPS
1536		1285.9 GFLOPS
1664		2491.2 GFLOPS
1792		2331.1 GFLOPS
1920		2823.5 GFLOPS
2048		1172.3 GFLOPS
2176		2864.8 GFLOPS
2304		2575.2 GFLOPS
2432		3055.2 GFLOPS
2560		2188.2 GFLOPS
2688		3089.3 GFLOPS
2816		2876.6 GFLOPS
2944		3020.5 GFLOPS
3072		2054.1 GFLOPS
3200		3148.8 GFLOPS
3328		2986.8 GFLOPS
3456		3101.8 GFLOPS
3584		2610.7 GFLOPS
3712		3106.8 GFLOPS
3840		3028.7 GFLOPS
3968		3113.9 GFLOPS
4096		2140.4 GFLOPS
4224		3118.5 GFLOPS
4352		3066.0 GFLOPS
4480		3124.7 GFLOPS
4608		2773.1 GFLOPS
4736		3136.2 GFLOPS
4864		3075.6 GFLOPS
4992		3111.5 GFLOPS
5120		2357.4 GFLOPS
5248		3122.8 GFLOPS
5376		3091.8 GFLOPS
5504		3119.9 GFLOPS
5632		2839.4 GFLOPS
5760		3107.1 GFLOPS
5888		3094.0 GFLOPS
6016		3112.4 GFLOPS
6144		2398.8 GFLOPS
6272		3112.4 GFLOPS
6400		3093.3 GFLOPS
6528		3101.1 GFLOPS
6656		2840.7 GFLOPS
6784		3106.6 GFLOPS
6912		3076.8 GFLOPS
7040		3098.3 GFLOPS
7168		2383.4 GFLOPS
7296		3097.9 GFLOPS
7424		3071.9 GFLOPS
7552		3088.3 GFLOPS
7680		2830.9 GFLOPS
7808		3082.9 GFLOPS
7936		3069.4 GFLOPS
8064		3097.8 GFLOPS
8192		2097.0 GFLOPS
