128		26.1 GFLOPS
256		106.5 GFLOPS
384		248.8 GFLOPS
512		480.9 GFLOPS
640		793.9 GFLOPS
768		1046.9 GFLOPS
896		1392.1 GFLOPS
1024		646.6 GFLOPS
1152		2143.3 GFLOPS
1280		2142.8 GFLOPS
1408		2797.2 GFLOPS
1536		1276.2 GFLOPS
1664		2465.9 GFLOPS
1792		2251.8 GFLOPS
1920		2817.7 GFLOPS
2048		1050.8 GFLOPS
2176		2824.2 GFLOPS
2304		2625.5 GFLOPS
2432		3063.6 GFLOPS
2560		2222.2 GFLOPS
2688		3095.1 GFLOPS
2816		2880.4 GFLOPS
2944		3026.5 GFLOPS
3072		1966.4 GFLOPS
3200		3153.8 GFLOPS
3328		3017.6 GFLOPS
3456		3139.5 GFLOPS
3584		2626.8 GFLOPS
3712		3125.1 GFLOPS
3840		3041.5 GFLOPS
3968		3123.5 GFLOPS
4096		2085.4 GFLOPS
4224		3139.7 GFLOPS
4352		3073.5 GFLOPS
4480		3151.9 GFLOPS
4608		2788.5 GFLOPS
4736		3139.8 GFLOPS
4864		3095.6 GFLOPS
4992		3131.0 GFLOPS
5120		2330.6 GFLOPS
5248		3145.3 GFLOPS
5376		3099.4 GFLOPS
5504		3137.0 GFLOPS
5632		2846.5 GFLOPS
5760		3125.4 GFLOPS
5888		3101.1 GFLOPS
6016		3127.9 GFLOPS
6144		2378.4 GFLOPS
6272		3117.8 GFLOPS
6400		3090.5 GFLOPS
6528		3109.3 GFLOPS
6656		2843.1 GFLOPS
6784		3109.7 GFLOPS
6912		3087.0 GFLOPS
7040		3103.3 GFLOPS
7168		2392.6 GFLOPS
7296		3102.8 GFLOPS
7424		3065.7 GFLOPS
7552		3095.9 GFLOPS
7680		2842.2 GFLOPS
7808		3087.9 GFLOPS
7936		3067.5 GFLOPS
8064		3100.8 GFLOPS
8192		2104.9 GFLOPS
