128		68.1 GFLOPS
256		513.1 GFLOPS
384		678.9 GFLOPS
512		1009.2 GFLOPS
640		1200.8 GFLOPS
768		1222.0 GFLOPS
896		1293.5 GFLOPS
1024		1312.3 GFLOPS
1152		1516.4 GFLOPS
1280		1465.2 GFLOPS
1408		1498.1 GFLOPS
1536		1524.2 GFLOPS
1664		1543.7 GFLOPS
1792		1567.8 GFLOPS
1920		1589.5 GFLOPS
2048		1585.2 GFLOPS
2176		1589.7 GFLOPS
2304		1612.1 GFLOPS
2432		1589.7 GFLOPS
2560		1616.7 GFLOPS
2688		1612.1 GFLOPS
2816		1620.4 GFLOPS
2944		1613.1 GFLOPS
3072		1626.7 GFLOPS
3200		1619.7 GFLOPS
3328		1630.2 GFLOPS
3456		1616.4 GFLOPS
3584		1627.9 GFLOPS
3712		1623.2 GFLOPS
3840		1629.1 GFLOPS
3968		1622.6 GFLOPS
4096		1639.0 GFLOPS
4224		1592.8 GFLOPS
4352		1556.3 GFLOPS
4480		1530.6 GFLOPS
4608		1555.2 GFLOPS
4736		1468.2 GFLOPS
4864		1442.7 GFLOPS
4992		1414.4 GFLOPS
5120		1644.4 GFLOPS
5248		1353.3 GFLOPS
5376		1361.8 GFLOPS
5504		1322.0 GFLOPS
5632		1386.2 GFLOPS
5760		1321.5 GFLOPS
5888		1278.5 GFLOPS
6016		1276.7 GFLOPS
6144		1640.4 GFLOPS
6272		1234.9 GFLOPS
6400		1235.9 GFLOPS
6528		1199.0 GFLOPS
6656		1281.9 GFLOPS
6784		1174.8 GFLOPS
6912		1196.4 GFLOPS
7040		1155.4 GFLOPS
7168		1638.5 GFLOPS
7296		1139.1 GFLOPS
7424		1168.0 GFLOPS
7552		1124.4 GFLOPS
7680		1230.6 GFLOPS
7808		1113.1 GFLOPS
7936		1146.1 GFLOPS
8064		1101.0 GFLOPS
8192		1589.3 GFLOPS
