128		25.1 GFLOPS
256		110.7 GFLOPS
384		243.3 GFLOPS
512		475.4 GFLOPS
640		796.8 GFLOPS
768		1104.6 GFLOPS
896		1591.1 GFLOPS
1024		583.2 GFLOPS
1152		2163.0 GFLOPS
1280		2240.5 GFLOPS
1408		2985.4 GFLOPS
1536		1705.4 GFLOPS
1664		2742.9 GFLOPS
1792		2289.4 GFLOPS
1920		3099.0 GFLOPS
2048		1684.6 GFLOPS
2176		3157.3 GFLOPS
2304		2713.1 GFLOPS
2432		3400.7 GFLOPS
2560		2586.9 GFLOPS
2688		3604.8 GFLOPS
2816		3121.3 GFLOPS
2944		3430.3 GFLOPS
3072		2338.7 GFLOPS
3200		3626.4 GFLOPS
3328		3316.0 GFLOPS
3456		3601.1 GFLOPS
3584		2969.9 GFLOPS
3712		3589.6 GFLOPS
3840		3397.9 GFLOPS
3968		3622.7 GFLOPS
4096		2535.7 GFLOPS
4224		3651.5 GFLOPS
4352		3506.1 GFLOPS
4480		3678.1 GFLOPS
4608		3180.3 GFLOPS
4736		3693.4 GFLOPS
4864		3553.3 GFLOPS
4992		3683.1 GFLOPS
5120		2666.6 GFLOPS
5248		3693.1 GFLOPS
5376		3564.6 GFLOPS
5504		3682.5 GFLOPS
5632		3264.8 GFLOPS
5760		3673.5 GFLOPS
5888		3588.1 GFLOPS
6016		3672.4 GFLOPS
6144		2748.3 GFLOPS
6272		3684.1 GFLOPS
6400		3582.9 GFLOPS
6528		3676.8 GFLOPS
6656		3292.6 GFLOPS
6784		3666.7 GFLOPS
6912		3593.8 GFLOPS
7040		3661.1 GFLOPS
7168		2775.7 GFLOPS
7296		3657.4 GFLOPS
7424		3586.2 GFLOPS
7552		3657.0 GFLOPS
7680		3302.5 GFLOPS
7808		3661.4 GFLOPS
7936		3594.0 GFLOPS
8064		3655.3 GFLOPS
8192		2606.9 GFLOPS
